c:\users\rachb\labotp\tp_solucion\x64\debug\vc143.pdb
c:\users\rachb\labotp\tp_solucion\x64\debug\vc143.idb
c:\users\rachb\labotp\tp_solucion\x64\debug\tp_solucion.obj
c:\users\rachb\labotp\tp_solucion\x64\debug\cvikingos.obj
c:\users\rachb\labotp\tp_solucion\x64\debug\cpersona.obj
c:\users\rachb\labotp\tp_solucion\x64\debug\cmedico.obj
c:\users\rachb\labotp\tp_solucion\x64\debug\cjinetes.obj
c:\users\rachb\labotp\tp_solucion\x64\debug\cherrero.obj
c:\users\rachb\labotp\tp_solucion\x64\debug\cformaataque.obj
c:\users\rachb\labotp\tp_solucion\x64\debug\cdragones.obj
c:\users\rachb\labotp\tp_solucion\x64\debug\cguerrero.obj
c:\users\rachb\labotp\tp_solucion\x64\debug\caldea.obj
c:\users\rachb\labotp\tp_solucion\x64\debug\tp_solucion.ilk
c:\users\rachb\labotp\tp_solucion\x64\debug\tp_solucion.exe
c:\users\rachb\labotp\tp_solucion\x64\debug\tp_solucion.pdb
c:\users\rachb\labotp\tp_solucion\x64\debug\tp_solucion.tlog\cl.command.1.tlog
c:\users\rachb\labotp\tp_solucion\x64\debug\tp_solucion.tlog\cl.read.1.tlog
c:\users\rachb\labotp\tp_solucion\x64\debug\tp_solucion.tlog\cl.write.1.tlog
c:\users\rachb\labotp\tp_solucion\x64\debug\tp_solucion.tlog\link.command.1.tlog
c:\users\rachb\labotp\tp_solucion\x64\debug\tp_solucion.tlog\link.read.1.tlog
c:\users\rachb\labotp\tp_solucion\x64\debug\tp_solucion.tlog\link.write.1.tlog
